<?xml version="1.0" encoding="UTF-8"?>
<!-- Generated by org.testng.reporters.JUnitXMLReporter -->
<testsuite ignored="0" hostname="LAPTOP-TEJ5K7T2" failures="2" tests="6" name="Test" time="55.28" errors="0" timestamp="2024-03-23T16:33:37 IST">
  <testcase classname="AutomationCasesProject.TestCases.ErrorValidation" name="clientStart" time="0.237"/>
  <testcase classname="AutomationCasesProject.TestCases.ErrorValidation" name="verifyMouseHover" time="5.236"/>
  <testcase classname="AutomationCasesProject.ExtentReports.ExtentReportsDemo" name="Demo" time="3.754"/>
  <testcase classname="AutomationCasesProject.TestCases.rahulShettyWebsiteCases" name="clientStart" time="12.918">
    <failure type="java.lang.AssertionError" message="expected [Thankyou for the order.] but found [THANKYOU FOR THE ORDER.]">
      <![CDATA[java.lang.AssertionError: expected [Thankyou for the order.] but found [THANKYOU FOR THE ORDER.]
at AutomationCasesProject.TestCases.rahulShettyWebsiteCases.clientStart(rahulShettyWebsiteCases.java:54)
at java.base/java.util.ArrayList.forEach(ArrayList.java:1596)
... Removed 35 stack frames]]>
    </failure>
  </testcase> <!-- clientStart -->
  <testcase classname="AutomationCasesProject.TestCases.rahulShettyWebsiteCases" name="clientStart" time="13.127">
    <failure type="java.lang.AssertionError" message="expected [Thankyou for the order.] but found [THANKYOU FOR THE ORDER.]">
      <![CDATA[java.lang.AssertionError: expected [Thankyou for the order.] but found [THANKYOU FOR THE ORDER.]
at AutomationCasesProject.TestCases.rahulShettyWebsiteCases.clientStart(rahulShettyWebsiteCases.java:54)
at java.base/java.util.ArrayList.forEach(ArrayList.java:1596)
... Removed 35 stack frames]]>
    </failure>
  </testcase> <!-- clientStart -->
  <testcase classname="AutomationCasesProject.TestCases.rahulShettyWebsiteCases" name="verifyMouseHover" time="4.177"/>
</testsuite> <!-- Test -->
